<?xml version="1.0" encoding="UTF-8"?>
<!-- Generated by org.testng.reporters.JUnitXMLReporter -->
<testsuite ignored="0" hostname="Dharini" failures="0" tests="4" name="Default test" time="17.115" errors="0" timestamp="2023-06-18T13:58:11 EDT">
  <testcase classname="com.acti.base.DriverScript" name="initApplication" time="2.663"/>
  <testcase classname="com.acti.testcase.LoginPageTest" name="testForgotPasswordLink" time="0.085"/>
  <testcase classname="com.acti.testcase.LoginPageTest" name="testLoginFunction" time="3.614"/>
  <testcase classname="com.acti.testcase.LoginPageTest" name="testLoginPageTitle" time="0.007"/>
</testsuite> <!-- Default test -->
