<?xml version="1.0" encoding="UTF-8"?>
<testng-results ignored="0" total="5" passed="5" failed="0" skipped="0">
  <reporter-output>
  </reporter-output>
  <suite started-at="2023-06-13T21:04:06 EDT" name="Default suite" finished-at="2023-06-13T21:04:30 EDT" duration-ms="24072">
    <groups>
    </groups>
    <test started-at="2023-06-13T21:04:06 EDT" name="Default test" finished-at="2023-06-13T21:04:30 EDT" duration-ms="24072">
      <class name="datadrivenframework.LoginExcel">
        <test-method is-config="true" signature="setUp()[pri:0, instance:datadrivenframework.LoginExcel@4803b726]" started-at="2023-06-13T21:04:06 EDT" name="setUp" finished-at="2023-06-13T21:04:10 EDT" duration-ms="3511" status="PASS">
          <reporter-output>
          </reporter-output>
        </test-method> <!-- setUp -->
        <test-method signature="testLoginWithValidCredentials(java.lang.String,java.lang.String)[pri:0, instance:datadrivenframework.LoginExcel@4803b726]" started-at="2023-06-13T21:04:10 EDT" name="testLoginWithValidCredentials" data-provider="actiData" finished-at="2023-06-13T21:04:12 EDT" duration-ms="1965" status="PASS">
          <params>
            <param index="0">
              <value>
                <![CDATA[admin]]>
              </value>
            </param>
            <param index="1">
              <value>
                <![CDATA[manager]]>
              </value>
            </param>
          </params>
          <reporter-output>
          </reporter-output>
        </test-method> <!-- testLoginWithValidCredentials -->
        <test-method is-config="true" signature="tearDown()[pri:0, instance:datadrivenframework.LoginExcel@4803b726]" started-at="2023-06-13T21:04:12 EDT" name="tearDown" finished-at="2023-06-13T21:04:12 EDT" duration-ms="93" status="PASS">
          <reporter-output>
          </reporter-output>
        </test-method> <!-- tearDown -->
        <test-method is-config="true" signature="setUp()[pri:0, instance:datadrivenframework.LoginExcel@4803b726]" started-at="2023-06-13T21:04:12 EDT" name="setUp" finished-at="2023-06-13T21:04:14 EDT" duration-ms="2640" status="PASS">
          <reporter-output>
          </reporter-output>
        </test-method> <!-- setUp -->
        <test-method signature="testLoginWithValidCredentials(java.lang.String,java.lang.String)[pri:0, instance:datadrivenframework.LoginExcel@4803b726]" started-at="2023-06-13T21:04:14 EDT" name="testLoginWithValidCredentials" data-provider="actiData" finished-at="2023-06-13T21:04:16 EDT" duration-ms="1986" status="PASS">
          <params>
            <param index="0">
              <value>
                <![CDATA[admin]]>
              </value>
            </param>
            <param index="1">
              <value>
                <![CDATA[manager]]>
              </value>
            </param>
          </params>
          <reporter-output>
          </reporter-output>
        </test-method> <!-- testLoginWithValidCredentials -->
        <test-method is-config="true" signature="tearDown()[pri:0, instance:datadrivenframework.LoginExcel@4803b726]" started-at="2023-06-13T21:04:16 EDT" name="tearDown" finished-at="2023-06-13T21:04:16 EDT" duration-ms="50" status="PASS">
          <reporter-output>
          </reporter-output>
        </test-method> <!-- tearDown -->
        <test-method is-config="true" signature="setUp()[pri:0, instance:datadrivenframework.LoginExcel@4803b726]" started-at="2023-06-13T21:04:16 EDT" name="setUp" finished-at="2023-06-13T21:04:19 EDT" duration-ms="2453" status="PASS">
          <reporter-output>
          </reporter-output>
        </test-method> <!-- setUp -->
        <test-method signature="testLoginWithValidCredentials(java.lang.String,java.lang.String)[pri:0, instance:datadrivenframework.LoginExcel@4803b726]" started-at="2023-06-13T21:04:19 EDT" name="testLoginWithValidCredentials" data-provider="actiData" finished-at="2023-06-13T21:04:21 EDT" duration-ms="2139" status="PASS">
          <params>
            <param index="0">
              <value>
                <![CDATA[admin]]>
              </value>
            </param>
            <param index="1">
              <value>
                <![CDATA[manager]]>
              </value>
            </param>
          </params>
          <reporter-output>
          </reporter-output>
        </test-method> <!-- testLoginWithValidCredentials -->
        <test-method is-config="true" signature="tearDown()[pri:0, instance:datadrivenframework.LoginExcel@4803b726]" started-at="2023-06-13T21:04:21 EDT" name="tearDown" finished-at="2023-06-13T21:04:21 EDT" duration-ms="98" status="PASS">
          <reporter-output>
          </reporter-output>
        </test-method> <!-- tearDown -->
        <test-method is-config="true" signature="setUp()[pri:0, instance:datadrivenframework.LoginExcel@4803b726]" started-at="2023-06-13T21:04:21 EDT" name="setUp" finished-at="2023-06-13T21:04:24 EDT" duration-ms="2392" status="PASS">
          <reporter-output>
          </reporter-output>
        </test-method> <!-- setUp -->
        <test-method signature="testLoginWithValidCredentials(java.lang.String,java.lang.String)[pri:0, instance:datadrivenframework.LoginExcel@4803b726]" started-at="2023-06-13T21:04:24 EDT" name="testLoginWithValidCredentials" data-provider="actiData" finished-at="2023-06-13T21:04:25 EDT" duration-ms="1773" status="PASS">
          <params>
            <param index="0">
              <value>
                <![CDATA[admin]]>
              </value>
            </param>
            <param index="1">
              <value>
                <![CDATA[manager]]>
              </value>
            </param>
          </params>
          <reporter-output>
          </reporter-output>
        </test-method> <!-- testLoginWithValidCredentials -->
        <test-method is-config="true" signature="tearDown()[pri:0, instance:datadrivenframework.LoginExcel@4803b726]" started-at="2023-06-13T21:04:25 EDT" name="tearDown" finished-at="2023-06-13T21:04:25 EDT" duration-ms="60" status="PASS">
          <reporter-output>
          </reporter-output>
        </test-method> <!-- tearDown -->
        <test-method is-config="true" signature="setUp()[pri:0, instance:datadrivenframework.LoginExcel@4803b726]" started-at="2023-06-13T21:04:25 EDT" name="setUp" finished-at="2023-06-13T21:04:28 EDT" duration-ms="2434" status="PASS">
          <reporter-output>
          </reporter-output>
        </test-method> <!-- setUp -->
        <test-method signature="testLoginWithValidCredentials(java.lang.String,java.lang.String)[pri:0, instance:datadrivenframework.LoginExcel@4803b726]" started-at="2023-06-13T21:04:28 EDT" name="testLoginWithValidCredentials" data-provider="actiData" finished-at="2023-06-13T21:04:30 EDT" duration-ms="1785" status="PASS">
          <params>
            <param index="0">
              <value>
                <![CDATA[admin]]>
              </value>
            </param>
            <param index="1">
              <value>
                <![CDATA[manager]]>
              </value>
            </param>
          </params>
          <reporter-output>
          </reporter-output>
        </test-method> <!-- testLoginWithValidCredentials -->
        <test-method is-config="true" signature="tearDown()[pri:0, instance:datadrivenframework.LoginExcel@4803b726]" started-at="2023-06-13T21:04:30 EDT" name="tearDown" finished-at="2023-06-13T21:04:30 EDT" duration-ms="97" status="PASS">
          <reporter-output>
          </reporter-output>
        </test-method> <!-- tearDown -->
      </class> <!-- datadrivenframework.LoginExcel -->
    </test> <!-- Default test -->
  </suite> <!-- Default suite -->
</testng-results>
