<?xml version="1.0" encoding="UTF-8"?>
<!-- Generated by org.testng.reporters.JUnitXMLReporter -->
<testsuite ignored="0" hostname="Dharini" failures="0" tests="5" name="Default test" time="24.072" errors="0" timestamp="2023-06-13T21:04:30 EDT">
  <testcase classname="datadrivenframework.LoginExcel" name="testLoginWithValidCredentials" time="1.965"/>
  <testcase classname="datadrivenframework.LoginExcel" name="testLoginWithValidCredentials" time="1.986"/>
  <testcase classname="datadrivenframework.LoginExcel" name="testLoginWithValidCredentials" time="2.139"/>
  <testcase classname="datadrivenframework.LoginExcel" name="testLoginWithValidCredentials" time="1.773"/>
  <testcase classname="datadrivenframework.LoginExcel" name="testLoginWithValidCredentials" time="1.785"/>
</testsuite> <!-- Default test -->
