<?xml version="1.0" encoding="UTF-8"?>
<testng-results ignored="0" total="4" passed="4" failed="0" skipped="0">
  <reporter-output>
  </reporter-output>
  <suite started-at="2023-06-18T13:57:53 EDT" name="Default suite" finished-at="2023-06-18T13:58:11 EDT" duration-ms="17115">
    <groups>
    </groups>
    <test started-at="2023-06-18T13:57:53 EDT" name="Default test" finished-at="2023-06-18T13:58:11 EDT" duration-ms="17115">
      <class name="com.acti.testcase.LoginPageTest">
        <test-method is-config="true" signature="setUp()[pri:0, instance:com.acti.testcase.LoginPageTest@6bd61f98]" started-at="2023-06-18T13:57:53 EDT" name="setUp" finished-at="2023-06-18T13:57:57 EDT" duration-ms="3136" status="PASS">
          <reporter-output>
          </reporter-output>
        </test-method> <!-- setUp -->
        <test-method signature="initApplication()[pri:0, instance:com.acti.testcase.LoginPageTest@6bd61f98]" started-at="2023-06-18T13:57:57 EDT" name="initApplication" finished-at="2023-06-18T13:57:59 EDT" duration-ms="2663" status="PASS">
          <reporter-output>
          </reporter-output>
        </test-method> <!-- initApplication -->
        <test-method is-config="true" signature="tearDown()[pri:0, instance:com.acti.testcase.LoginPageTest@6bd61f98]" started-at="2023-06-18T13:57:59 EDT" name="tearDown" finished-at="2023-06-18T13:57:59 EDT" duration-ms="63" status="PASS">
          <reporter-output>
          </reporter-output>
        </test-method> <!-- tearDown -->
        <test-method is-config="true" signature="setUp()[pri:0, instance:com.acti.testcase.LoginPageTest@6bd61f98]" started-at="2023-06-18T13:57:59 EDT" name="setUp" finished-at="2023-06-18T13:58:02 EDT" duration-ms="2310" status="PASS">
          <reporter-output>
          </reporter-output>
        </test-method> <!-- setUp -->
        <test-method signature="testForgotPasswordLink()[pri:0, instance:com.acti.testcase.LoginPageTest@6bd61f98]" started-at="2023-06-18T13:58:02 EDT" name="testForgotPasswordLink" finished-at="2023-06-18T13:58:02 EDT" duration-ms="85" status="PASS">
          <reporter-output>
          </reporter-output>
        </test-method> <!-- testForgotPasswordLink -->
        <test-method is-config="true" signature="tearDown()[pri:0, instance:com.acti.testcase.LoginPageTest@6bd61f98]" started-at="2023-06-18T13:58:02 EDT" name="tearDown" finished-at="2023-06-18T13:58:02 EDT" duration-ms="151" status="PASS">
          <reporter-output>
          </reporter-output>
        </test-method> <!-- tearDown -->
        <test-method is-config="true" signature="setUp()[pri:0, instance:com.acti.testcase.LoginPageTest@6bd61f98]" started-at="2023-06-18T13:58:02 EDT" name="setUp" finished-at="2023-06-18T13:58:04 EDT" duration-ms="2493" status="PASS">
          <reporter-output>
          </reporter-output>
        </test-method> <!-- setUp -->
        <test-method signature="testLoginFunction()[pri:0, instance:com.acti.testcase.LoginPageTest@6bd61f98]" started-at="2023-06-18T13:58:04 EDT" name="testLoginFunction" finished-at="2023-06-18T13:58:08 EDT" duration-ms="3614" status="PASS">
          <reporter-output>
          </reporter-output>
        </test-method> <!-- testLoginFunction -->
        <test-method is-config="true" signature="tearDown()[pri:0, instance:com.acti.testcase.LoginPageTest@6bd61f98]" started-at="2023-06-18T13:58:08 EDT" name="tearDown" finished-at="2023-06-18T13:58:08 EDT" duration-ms="125" status="PASS">
          <reporter-output>
          </reporter-output>
        </test-method> <!-- tearDown -->
        <test-method is-config="true" signature="setUp()[pri:0, instance:com.acti.testcase.LoginPageTest@6bd61f98]" started-at="2023-06-18T13:58:08 EDT" name="setUp" finished-at="2023-06-18T13:58:10 EDT" duration-ms="2347" status="PASS">
          <reporter-output>
          </reporter-output>
        </test-method> <!-- setUp -->
        <test-method signature="testLoginPageTitle()[pri:0, instance:com.acti.testcase.LoginPageTest@6bd61f98]" started-at="2023-06-18T13:58:10 EDT" name="testLoginPageTitle" finished-at="2023-06-18T13:58:10 EDT" duration-ms="7" status="PASS">
          <reporter-output>
          </reporter-output>
        </test-method> <!-- testLoginPageTitle -->
        <test-method is-config="true" signature="tearDown()[pri:0, instance:com.acti.testcase.LoginPageTest@6bd61f98]" started-at="2023-06-18T13:58:10 EDT" name="tearDown" finished-at="2023-06-18T13:58:11 EDT" duration-ms="93" status="PASS">
          <reporter-output>
          </reporter-output>
        </test-method> <!-- tearDown -->
      </class> <!-- com.acti.testcase.LoginPageTest -->
    </test> <!-- Default test -->
  </suite> <!-- Default suite -->
</testng-results>
